actionid: py27
msg: getenv
cmdargs: [local('/home/maiyifan/leannmak/share/codes/opback/.tox/py27/bin/pip'), 'install', '-rrequirements.txt']
env: {'LANG': 'en_US.UTF-8', 'PATH': '/home/maiyifan/leannmak/share/codes/opback/.tox/py27/bin:/root/.pyenv/versions/flask/bin:/root/.pyenv/libexec:/root/.pyenv/plugins/python-build/bin:/root/.pyenv/plugins/pyenv-virtualenv/bin:/root/.pyenv/shims:/root/.pyenv/bin:/opt/jdk8/jdk1.8.0_45//bin:/opt/maven/apache-maven-3.3.3/bin:/sbin:/bin:/usr/sbin:/usr/bin', 'VIRTUAL_ENV': '/home/maiyifan/leannmak/share/codes/opback/.tox/py27', 'PYTHONHASHSEED': '635806713'}

/home/maiyifan/leannmak/share/codes/opback/.tox/py27/lib/python2.7/site-packages/pip/_vendor/requests/packages/urllib3/util/ssl_.py:90: InsecurePlatformWarning: A true SSLContext object is not available. This prevents urllib3 from configuring SSL appropriately and may cause certain SSL connections to fail. For more information, see https://urllib3.readthedocs.org/en/latest/security.html#insecureplatformwarning.
  InsecurePlatformWarning
You are using pip version 7.0.3, however version 7.1.0 is available.
You should consider upgrading via the 'pip install --upgrade pip' command.
Collecting alabaster==0.7.4 (from -r requirements.txt (line 1))
/home/maiyifan/leannmak/share/codes/opback/.tox/py27/lib/python2.7/site-packages/pip/_vendor/requests/packages/urllib3/util/ssl_.py:90: InsecurePlatformWarning: A true SSLContext object is not available. This prevents urllib3 from configuring SSL appropriately and may cause certain SSL connections to fail. For more information, see https://urllib3.readthedocs.org/en/latest/security.html#insecureplatformwarning.
  InsecurePlatformWarning
  Using cached alabaster-0.7.4-py2-none-any.whl
Collecting alembic==0.7.6 (from -r requirements.txt (line 2))
Collecting aniso8601==1.0.0 (from -r requirements.txt (line 3))
Collecting autopep8==1.1.1 (from -r requirements.txt (line 4))
  Using cached autopep8-1.1.1-py2.py3-none-any.whl
Collecting Babel==1.3 (from -r requirements.txt (line 5))
Collecting coverage==3.7.1 (from -r requirements.txt (line 6))
Collecting Distutils2==1.0a4 (from -r requirements.txt (line 7))
Collecting docutils==0.12 (from -r requirements.txt (line 8))
Collecting flake8==2.4.1 (from -r requirements.txt (line 9))
  Using cached flake8-2.4.1-py2.py3-none-any.whl
Collecting Flask==0.10.1 (from -r requirements.txt (line 10))
Collecting Flask-Login==0.2.11 (from -r requirements.txt (line 11))
Collecting flask-marshmallow==0.6.0 (from -r requirements.txt (line 12))
  Using cached flask_marshmallow-0.6.0-py2.py3-none-any.whl
Collecting Flask-Migrate==1.4.0 (from -r requirements.txt (line 13))
Collecting Flask-RESTful==0.3.3 (from -r requirements.txt (line 14))
  Using cached Flask_RESTful-0.3.3-py2.py3-none-any.whl
Collecting Flask-Script==2.0.5 (from -r requirements.txt (line 15))
Collecting Flask-SQLAlchemy==2.0 (from -r requirements.txt (line 16))
Collecting Flask-Cors==2.0.1 (from -r requirements.txt (line 17))
Collecting Flask-Mail==0.9.1 (from -r requirements.txt (line 18))
Collecting gitchangelog==2.2.1 (from -r requirements.txt (line 19))
Collecting itsdangerous==0.24 (from -r requirements.txt (line 20))
Collecting Jinja2==2.7.3 (from -r requirements.txt (line 21))
Collecting m3-PIL==1.1.7 (from -r requirements.txt (line 22))
Collecting Mako==1.0.1 (from -r requirements.txt (line 23))
Collecting MarkupSafe==0.23 (from -r requirements.txt (line 24))
Collecting marshmallow==2.0.0b3 (from -r requirements.txt (line 25))
  Using cached marshmallow-2.0.0b3-py2.py3-none-any.whl
Collecting marshmallow-sqlalchemy==0.2.0 (from -r requirements.txt (line 26))
  Using cached marshmallow_sqlalchemy-0.2.0-py2.py3-none-any.whl
Collecting mccabe==0.3 (from -r requirements.txt (line 27))
  Using cached mccabe-0.3-py2.py3-none-any.whl
Collecting nose==1.3.7 (from -r requirements.txt (line 28))
  Using cached nose-1.3.7-py2-none-any.whl
Collecting passlib==1.6.2 (from -r requirements.txt (line 29))
Collecting pep8==1.5.7 (from -r requirements.txt (line 30))
  Using cached pep8-1.5.7-py2.py3-none-any.whl
Collecting pluggy==0.3.0 (from -r requirements.txt (line 31))
  Using cached pluggy-0.3.0-py2.py3-none-any.whl
Collecting py==1.4.28 (from -r requirements.txt (line 32))
  Using cached py-1.4.28-py2.py3-none-any.whl
Collecting pyflakes==0.8.1 (from -r requirements.txt (line 33))
  Using cached pyflakes-0.8.1-py2.py3-none-any.whl
Collecting Pygments==2.0.2 (from -r requirements.txt (line 34))
  Using cached Pygments-2.0.2-py2-none-any.whl
Collecting python-coveralls==2.5.0 (from -r requirements.txt (line 35))
  Using cached python_coveralls-2.5.0-py2.py3-none-any.whl
Collecting pytz==2015.4 (from -r requirements.txt (line 36))
  Using cached pytz-2015.4-py2.py3-none-any.whl
Collecting PyYAML==3.11 (from -r requirements.txt (line 37))
Collecting rauth==0.7.0 (from -r requirements.txt (line 38))
Collecting requests==2.7.0 (from -r requirements.txt (line 39))
  Using cached requests-2.7.0-py2.py3-none-any.whl
Collecting sh==1.11 (from -r requirements.txt (line 40))
Collecting six==1.9.0 (from -r requirements.txt (line 41))
  Using cached six-1.9.0-py2.py3-none-any.whl
Collecting snowballstemmer==1.2.0 (from -r requirements.txt (line 42))
Collecting Sphinx==1.3.1 (from -r requirements.txt (line 43))
  Using cached Sphinx-1.3.1-py2.py3-none-any.whl
Collecting sphinx-rtd-theme==0.1.8 (from -r requirements.txt (line 44))
  Using cached sphinx_rtd_theme-0.1.8-py2.py3-none-any.whl
Collecting SQLAlchemy==0.9.8 (from -r requirements.txt (line 45))
Collecting tox==2.0.2 (from -r requirements.txt (line 46))
  Using cached tox-2.0.2-py2.py3-none-any.whl
Collecting virtualenv==13.0.3 (from -r requirements.txt (line 47))
  Using cached virtualenv-13.0.3-py2.py3-none-any.whl
Collecting Werkzeug==0.10.4 (from -r requirements.txt (line 48))
  Using cached Werkzeug-0.10.4-py2.py3-none-any.whl
Requirement already satisfied (use --upgrade to upgrade): wheel==0.24.0 in ./.tox/py27/lib/python2.7/site-packages (from -r requirements.txt (line 49))
Collecting mysql-python==1.2.5 (from -r requirements.txt (line 50))
Collecting blinker (from Flask-Mail==0.9.1->-r requirements.txt (line 18))
Installing collected packages: alabaster, SQLAlchemy, MarkupSafe, Mako, alembic, aniso8601, pep8, autopep8, pytz, Babel, coverage, Distutils2, docutils, mccabe, pyflakes, flake8, Jinja2, Werkzeug, itsdangerous, Flask, Flask-Login, marshmallow, flask-marshmallow, Flask-Script, Flask-SQLAlchemy, Flask-Migrate, six, Flask-RESTful, Flask-Cors, blinker, Flask-Mail, gitchangelog, m3-PIL, marshmallow-sqlalchemy, nose, passlib, pluggy, py, Pygments, requests, PyYAML, sh, python-coveralls, rauth, snowballstemmer, sphinx-rtd-theme, Sphinx, virtualenv, tox, mysql-python
Successfully installed Babel-1.3 Distutils2-1.0a4 Flask-0.10.1 Flask-Cors-2.0.1 Flask-Login-0.2.11 Flask-Mail-0.9.1 Flask-Migrate-1.4.0 Flask-RESTful-0.3.3 Flask-SQLAlchemy-2.0 Flask-Script-2.0.5 Jinja2-2.7.3 Mako-1.0.1 MarkupSafe-0.23 PyYAML-3.11 Pygments-2.0.2 SQLAlchemy-0.9.8 Sphinx-1.3.1 Werkzeug-0.10.4 alabaster-0.7.4 alembic-0.7.6 aniso8601-1.0.0 autopep8-1.1.1 blinker-1.4 coverage-3.7.1 docutils-0.12 flake8-2.4.1 flask-marshmallow-0.6.0 gitchangelog-2.2.1 itsdangerous-0.24 m3-PIL-1.1.7 marshmallow-2.0.0b3 marshmallow-sqlalchemy-0.2.0 mccabe-0.3 mysql-python-1.2.5 nose-1.3.7 passlib-1.6.2 pep8-1.5.7 pluggy-0.3.0 py-1.4.28 pyflakes-0.8.1 python-coveralls-2.5.0 pytz-2015.4 rauth-0.7.0 requests-2.7.0 sh-1.11 six-1.9.0 snowballstemmer-1.2.0 sphinx-rtd-theme-0.1.8 tox-2.0.2 virtualenv-13.0.3
