actionid: flake8
msg: getenv
cmdargs: [local('/home/maiyifan/leannmak/share/codes/opback/.tox/flake8/bin/pip'), 'install', 'flake8']
env: {'LANG': 'en_US.UTF-8', 'PATH': '/home/maiyifan/leannmak/share/codes/opback/.tox/flake8/bin:/root/.pyenv/versions/flask/bin:/root/.pyenv/libexec:/root/.pyenv/plugins/python-build/bin:/root/.pyenv/plugins/pyenv-virtualenv/bin:/root/.pyenv/shims:/root/.pyenv/bin:/opt/jdk8/jdk1.8.0_45//bin:/opt/maven/apache-maven-3.3.3/bin:/sbin:/bin:/usr/sbin:/usr/bin', 'VIRTUAL_ENV': '/home/maiyifan/leannmak/share/codes/opback/.tox/flake8', 'PYTHONHASHSEED': '635806713'}

/home/maiyifan/leannmak/share/codes/opback/.tox/flake8/lib/python2.7/site-packages/pip/_vendor/requests/packages/urllib3/util/ssl_.py:90: InsecurePlatformWarning: A true SSLContext object is not available. This prevents urllib3 from configuring SSL appropriately and may cause certain SSL connections to fail. For more information, see https://urllib3.readthedocs.org/en/latest/security.html#insecureplatformwarning.
  InsecurePlatformWarning
You are using pip version 7.0.3, however version 7.1.0 is available.
You should consider upgrading via the 'pip install --upgrade pip' command.
Collecting flake8
/home/maiyifan/leannmak/share/codes/opback/.tox/flake8/lib/python2.7/site-packages/pip/_vendor/requests/packages/urllib3/util/ssl_.py:90: InsecurePlatformWarning: A true SSLContext object is not available. This prevents urllib3 from configuring SSL appropriately and may cause certain SSL connections to fail. For more information, see https://urllib3.readthedocs.org/en/latest/security.html#insecureplatformwarning.
  InsecurePlatformWarning
  Using cached flake8-2.4.1-py2.py3-none-any.whl
Collecting mccabe<0.4,>=0.2.1 (from flake8)
  Using cached mccabe-0.3.1-py2.py3-none-any.whl
Collecting pep8!=1.6.0,!=1.6.1,!=1.6.2,>=1.5.7 (from flake8)
  Using cached pep8-1.5.7-py2.py3-none-any.whl
Collecting pyflakes<0.9,>=0.8.1 (from flake8)
  Using cached pyflakes-0.8.1-py2.py3-none-any.whl
Installing collected packages: mccabe, pep8, pyflakes, flake8
Successfully installed flake8-2.4.1 mccabe-0.3.1 pep8-1.5.7 pyflakes-0.8.1
